Target Part: A2F200M3F_FBGA484_STD
Report for cell distance_mss.verilog
  Core Cell usage:
              cell count     area count*area
              AND2     4      1.0        4.0
              AND3    18      1.0       18.0
               AO1     1      1.0        1.0
               AX1     1      1.0        1.0
              AX1C     2      1.0        2.0
               GND     6      0.0        0.0
           MSS_APB     1      0.0        0.0
           MSS_CCC     1      0.0        0.0
              NOR2     5      1.0        5.0
             NOR2A    13      1.0       13.0
             NOR2B    51      1.0       51.0
              NOR3     1      1.0        1.0
             NOR3A     2      1.0        2.0
             NOR3B     2      1.0        2.0
             NOR3C    64      1.0       64.0
               OA1     3      1.0        3.0
              OA1C     1      1.0        1.0
               OR2     1      1.0        1.0
              OR2B     1      1.0        1.0
               OR3     2      1.0        2.0
              OR3C     1      1.0        1.0
             RCOSC     1      0.0        0.0
               VCC     6      0.0        0.0
              XA1B    28      1.0       28.0
              XOR2    16      1.0       16.0


              DFN1    52      1.0       52.0
            DFN1E1    32      1.0       32.0
                   -----          ----------
             TOTAL   316               301.0


  IO Cell usage:
              cell count
             INBUF     1
         INBUF_MSS     2
            OUTBUF     1
        OUTBUF_MSS     1
                   -----
             TOTAL     5


Core Cells         : 301 of 4608 (7%)
IO Cells           : 5

  RAM/ROM Usage Summary
Block Rams : 0 of 8 (0%)

